2024-07-05 19:20:46 - User with id: 103, name: Sumit logged in at 2024-07-05 19:20:46.288199
2024-07-05 20:40:09 - User with id: 103, name: Sumit logged in at 2024-07-05 20:40:09.795592
2024-07-05 20:43:30 - User with id: 101, name: Rohan logged in at 2024-07-05 20:43:30.834218
2024-07-05 20:57:40 - Failed login attempt for User ID: 1 at 2024-07-05 20:57:40.389279
2024-07-05 21:00:08 - Failed login attempt for User ID: 1 at 2024-07-05 21:00:08.305501
2024-07-05 21:00:17 - Failed login attempt for User ID: 1 at 2024-07-05 21:00:17.506869
2024-07-05 21:03:21 - Failed login attempt for User ID: 101 at 2024-07-05 21:03:21.138286
2024-07-05 21:03:28 - User with id: 101, name: Rohan logged in at 2024-07-05 21:03:28.382581
2024-07-05 21:06:41 - User with id: 101, name: Rohan logged in at 2024-07-05 21:06:41.881776
2024-07-05 21:06:52 - User with id: 101, name: Rohan logged in at 2024-07-05 21:06:52.490494
2024-07-09 23:16:46 - User with id: 101, name: Rohan logged in at 2024-07-09 23:16:46.547140
2024-07-09 23:17:29 - User with id: 101, name: Rohan logged in at 2024-07-09 23:17:29.587895
2024-07-09 23:19:38 - User with id: 101, name: Rohan logged in at 2024-07-09 23:19:38.666485
2024-07-09 23:24:28 - User with id: 101, name: Rohan logged in at 2024-07-09 23:24:28.310330
2024-07-09 23:26:35 - User with id: 101, name: Rohan logged in at 2024-07-09 23:26:35.175585
2024-07-09 23:27:24 - User with id: 103, name: Sumit logged in at 2024-07-09 23:27:24.548332
2024-07-17 15:04:06 - User with id: 101, name: Rohan logged in at 2024-07-17 15:04:06.998043
2024-07-17 15:06:38 - User with id: 101, name: Rohan logged in at 2024-07-17 15:06:38.021700
2024-07-17 15:08:25 - User with id: 101, name: Rohan logged in at 2024-07-17 15:08:25.804733
2024-07-17 15:11:51 - User with id: 103, name: Sumit logged in at 2024-07-17 15:11:51.876311
2024-07-17 15:13:59 - User with id: 101, name: Rohan logged in at 2024-07-17 15:13:59.980300
2024-07-17 15:22:55 - User with id: 101, name: Rohan logged in at 2024-07-17 15:22:55.570609
2024-07-17 15:24:23 - User with id: 101, name: Rohan logged in at 2024-07-17 15:24:23.366608
2024-07-17 15:27:26 - User with id: 101, name: Rohan logged in at 2024-07-17 15:27:26.913966
2024-07-17 15:30:34 - User with id: 101, name: Rohan logged in at 2024-07-17 15:30:34.668877
2024-07-17 15:32:07 - User with id: 101, name: Rohan logged in at 2024-07-17 15:32:07.636216
2024-07-17 15:33:04 - User with id: 103, name: Sumit logged in at 2024-07-17 15:33:04.231473
2024-07-17 15:41:41 - User with id: 101, name: Rohan logged in at 2024-07-17 15:41:41.797267
2024-07-17 15:42:10 - User with id: 103, name: Sumit logged in at 2024-07-17 15:42:10.052319
2024-07-17 15:42:21 - User with id: 101, name: ROhan logged in at 2024-07-17 15:42:21.137473
2024-07-17 15:51:51 - User with id: 101, name: Rohan logged in at 2024-07-17 15:51:51.061620
2024-07-17 15:53:44 - User with id: 102, name: Rahul logged in at 2024-07-17 15:53:44.435760
2024-07-17 15:56:08 - User with id: 101, name: Rohan logged in at 2024-07-17 15:56:08.934699
2024-07-17 15:57:03 - User with id: 101, name: Rohan logged in at 2024-07-17 15:57:03.547628
2024-07-17 15:58:17 - User with id: 101, name: Rohan logged in at 2024-07-17 15:58:17.537652
2024-07-17 15:59:33 - User with id: 103, name: Sumit logged in at 2024-07-17 15:59:33.637266
2024-07-17 16:03:20 - User with id: 101, name: Rohan logged in at 2024-07-17 16:03:20.593339
2024-07-17 16:06:17 - User with id: 101, name: Rohan logged in at 2024-07-17 16:06:17.825023
2024-07-17 16:06:29 - User with id: 101, name: Rohan logged in at 2024-07-17 16:06:29.725079
2024-07-17 16:12:31 - User with id: 101, name: Rohan logged in at 2024-07-17 16:12:31.363090
2024-07-17 16:12:53 - User with id: 101, name: Rohan logged in at 2024-07-17 16:12:53.005829
2024-07-17 16:18:16 - User with id: 102, name: Rahul logged in at 2024-07-17 16:18:16.388482
2024-07-17 16:20:55 - User with id: 102, name: Rahul logged in at 2024-07-17 16:20:55.626229
2024-07-17 18:23:39 - User with id: 101, name: ROhan logged in at 2024-07-17 18:23:39.357209
2024-07-17 18:29:20 - Failed login attempt for User ID: \101 at 2024-07-17 18:29:20.959399
2024-07-17 18:29:30 - User with id: 101, name: Rohan logged in at 2024-07-17 18:29:30.532754
2024-07-17 18:30:07 - User with id: 101, name: Rohan logged in at 2024-07-17 18:30:07.162527
2024-07-17 18:31:47 - User with id: 101, name: Rohan logged in at 2024-07-17 18:31:47.164632
2024-07-17 18:33:41 - User with id: 101, name: Rohan logged in at 2024-07-17 18:33:41.286501
2024-07-17 18:33:59 - User with id: 101, name: Rohan logged in at 2024-07-17 18:33:59.055681
2024-07-17 18:45:26 - User with id: 101, name: Rohan logged in at 2024-07-17 18:45:26.399840
2024-07-17 18:47:35 - User with id: 101, name: Rohan logged in at 2024-07-17 18:47:35.104725
2024-07-17 18:51:50 - User with id: 101, name: Rohan logged in at 2024-07-17 18:51:50.566664
2024-07-17 18:52:33 - User with id: 101, name: Rohan logged in at 2024-07-17 18:52:33.439771
2024-07-17 19:21:39 - User with id: 101, name: Rohan logged in at 2024-07-17 19:21:39.297609
2024-07-17 19:29:42 - User with id: 101, name: Rohan logged in at 2024-07-17 19:29:42.816373
2024-07-17 19:32:07 - User with id: 101, name: Rohan logged in at 2024-07-17 19:32:07.161297
2024-07-17 19:34:20 - User with id: 101, name: Rohan logged in at 2024-07-17 19:34:20.001204
2024-07-17 19:34:45 - User with id: 101, name: Rohan logged in at 2024-07-17 19:34:45.561400
2024-07-17 19:35:39 - User with id: 101, name: Rohan logged in at 2024-07-17 19:35:39.770692
2024-07-17 19:37:16 - User with id: 101, name: Rohan logged in at 2024-07-17 19:37:16.597069
2024-07-17 19:38:58 - User with id: 101, name: Rohan logged in at 2024-07-17 19:38:58.026639
2024-07-17 19:39:20 - User with id: 101, name: Rohan logged in at 2024-07-17 19:39:20.158314
2024-07-17 19:39:47 - User with id: 101, name: Rohan logged in at 2024-07-17 19:39:47.271369
2024-07-17 19:40:12 - User with id: 101, name: Rohan logged in at 2024-07-17 19:40:12.090058
2024-07-17 19:40:40 - User with id: 101, name: Rohan logged in at 2024-07-17 19:40:40.333486
2024-07-17 19:41:27 - User with id: 101, name: Rohan logged in at 2024-07-17 19:41:27.343671
2024-07-17 19:42:29 - User with id: 101, name: Rohan logged in at 2024-07-17 19:42:29.658286
2024-07-17 19:43:27 - User with id: 101, name: Rohan logged in at 2024-07-17 19:43:27.755537
2024-07-17 19:43:58 - User with id: 101, name: Rohan logged in at 2024-07-17 19:43:58.693774
2024-07-17 19:44:52 - User with id: 101, name: Rohan logged in at 2024-07-17 19:44:52.379585
2024-07-17 19:45:51 - User with id: 101, name: Rohan logged in at 2024-07-17 19:45:51.759737
2024-07-17 19:47:06 - User with id: 101, name: Rohan logged in at 2024-07-17 19:47:06.767557
2024-07-17 19:53:45 - User with id: 101, name: Rohan logged in at 2024-07-17 19:53:45.748994
2024-07-17 19:54:26 - User with id: 101, name: Rohan logged in at 2024-07-17 19:54:26.117618
2024-07-17 23:43:16 - User with id: 101, name: Rohan logged in at 2024-07-17 23:43:16.475406
2024-07-17 23:44:45 - User with id: 103, name: Sumit logged in at 2024-07-17 23:44:45.406417
2024-07-17 23:47:01 - User with id: 103, name: Sumit logged in at 2024-07-17 23:47:01.308783
2024-07-17 23:47:35 - User with id: 101, name: Rohan logged in at 2024-07-17 23:47:35.505611
2024-07-17 23:49:01 - User with id: 101, name: Rohan logged in at 2024-07-17 23:49:01.224448
2024-07-17 23:51:49 - User with id: 103, name: Sumit logged in at 2024-07-17 23:51:49.135549
2024-07-17 23:53:49 - User with id: 101, name: Rohan logged in at 2024-07-17 23:53:49.359084
2024-07-18 01:06:37 - User with id: 102, name: Rahul logged in at 2024-07-18 01:06:37.318746
2024-07-18 01:08:09 - User with id: 102, name: Rahul logged in at 2024-07-18 01:08:09.963956
2024-07-18 01:09:06 - User with id: 102, name: Rahul logged in at 2024-07-18 01:09:06.915381
2024-07-18 01:09:51 - User with id: 102, name: Rahul logged in at 2024-07-18 01:09:51.101120
2024-07-18 01:12:16 - User with id: 102, name: Rahul logged in at 2024-07-18 01:12:16.780264
2024-07-18 01:15:19 - User with id: 102, name: Rahul logged in at 2024-07-18 01:15:19.290968
2024-07-18 01:18:20 - User with id: 102, name: Rahul logged in at 2024-07-18 01:18:20.219336
2024-07-18 01:20:24 - User with id: 102, name: Rahul logged in at 2024-07-18 01:20:24.652768
2024-07-20 01:46:05 - User with id: 102, name: Rahul logged in at 2024-07-20 01:46:05.848559
2024-07-20 01:48:00 - User with id: 102, name: Rahul logged in at 2024-07-20 01:48:00.254524
2024-07-20 01:48:40 - User with id: 102, name: Rahul logged in at 2024-07-20 01:48:40.011098
2024-07-20 01:50:28 - User with id: 102, name: Rahul logged in at 2024-07-20 01:50:28.590865
2024-07-20 01:51:01 - User with id: 102, name: Rahul logged in at 2024-07-20 01:51:01.112173
2024-07-20 01:52:27 - User with id: 102, name: Rahul logged in at 2024-07-20 01:52:27.032377
2024-07-20 01:52:57 - User with id: 102, name: Rahul logged in at 2024-07-20 01:52:57.788208
2024-07-20 01:53:39 - User with id: 102, name: Rahul logged in at 2024-07-20 01:53:39.815439
2024-07-20 01:55:53 - User with id: 102, name: Rahul logged in at 2024-07-20 01:55:53.783142
2024-07-20 01:57:53 - User with id: 102, name: Rahul logged in at 2024-07-20 01:57:53.950161
2024-07-20 02:01:42 - User with id: 102, name: Rahul logged in at 2024-07-20 02:01:42.214580
2024-07-20 02:02:57 - User with id: 102, name: Rahul logged in at 2024-07-20 02:02:57.316369
2024-07-20 02:03:19 - User with id: 102, name: Rahul logged in at 2024-07-20 02:03:19.239169
2024-07-20 02:03:50 - User with id: 102, name: Rahul logged in at 2024-07-20 02:03:50.368421
2024-07-20 02:06:38 - User with id: 102, name: Rahul logged in at 2024-07-20 02:06:38.759910
2024-07-20 02:08:13 - User with id: 102, name: Rahul logged in at 2024-07-20 02:08:13.633055
2024-07-20 02:09:40 - User with id: 102, name: Rahul logged in at 2024-07-20 02:09:40.269738
2024-07-20 02:11:59 - User with id: 102, name: Rahul logged in at 2024-07-20 02:11:59.036671
2024-07-20 02:12:49 - User with id: 102, name: Rahul logged in at 2024-07-20 02:12:49.762777
2024-07-20 02:13:57 - User with id: 102, name: Rahul logged in at 2024-07-20 02:13:57.394045
2024-07-20 02:15:07 - User with id: 102, name: Rahul logged in at 2024-07-20 02:15:07.018316
2024-07-20 02:15:52 - User with id: 102, name: Rahul logged in at 2024-07-20 02:15:52.665292
2024-07-20 02:16:15 - User with id: 102, name: Rahul logged in at 2024-07-20 02:16:15.530601
2024-07-20 02:17:28 - User with id: 102, name: Rahul logged in at 2024-07-20 02:17:28.330886
2024-07-20 02:18:09 - User with id: 102, name: Rahul logged in at 2024-07-20 02:18:09.952611
2024-07-20 02:19:08 - User with id: 102, name: Rahul logged in at 2024-07-20 02:19:08.506930
2024-07-20 02:20:38 - User with id: 102, name: Rahul logged in at 2024-07-20 02:20:38.363023
2024-07-20 02:22:38 - User with id: 102, name: Rahul logged in at 2024-07-20 02:22:38.960486
2024-07-20 02:24:37 - User with id: 102, name: Rahul logged in at 2024-07-20 02:24:37.685620
2024-07-20 02:25:45 - User with id: 102, name: Rahul logged in at 2024-07-20 02:25:45.489386
2024-07-20 02:26:23 - User with id: 102, name: Rahul logged in at 2024-07-20 02:26:23.657520
2024-07-20 02:27:25 - User with id: 102, name: Rahul logged in at 2024-07-20 02:27:25.969008
2024-07-20 02:29:13 - User with id: 102, name: Rahul logged in at 2024-07-20 02:29:13.684606
2024-07-20 02:29:48 - User with id: 102, name: Rahul logged in at 2024-07-20 02:29:48.056817
2024-07-20 02:30:49 - User with id: 102, name: Rahul logged in at 2024-07-20 02:30:49.332251
2024-07-20 02:31:40 - User with id: 102, name: Rahul logged in at 2024-07-20 02:31:40.660240
2024-07-20 02:35:03 - User with id: 102, name: Rahul logged in at 2024-07-20 02:35:03.229201
2024-07-20 02:35:38 - User with id: 102, name: Rahul logged in at 2024-07-20 02:35:38.117805
2024-07-20 02:37:46 - User with id: 102, name: Rahul logged in at 2024-07-20 02:37:46.794842
2024-07-20 02:38:25 - User with id: 102, name: Rahul logged in at 2024-07-20 02:38:25.648021
2024-07-20 02:38:48 - User with id: 102, name: Rahul logged in at 2024-07-20 02:38:48.240392
2024-07-20 02:39:11 - User with id: 102, name: Rahul logged in at 2024-07-20 02:39:11.794913
2024-07-20 02:39:59 - User with id: 102, name: Rahul logged in at 2024-07-20 02:39:59.813545
2024-07-20 02:40:29 - User with id: 102, name: Rahul logged in at 2024-07-20 02:40:29.242911
2024-07-20 02:41:35 - User with id: 102, name: Rahul logged in at 2024-07-20 02:41:35.796186
2024-07-20 02:42:28 - User with id: 102, name: Rahul logged in at 2024-07-20 02:42:28.279335
2024-07-20 02:43:40 - User with id: 102, name: Rahul logged in at 2024-07-20 02:43:40.728552
2024-07-20 02:44:18 - User with id: 102, name: Rahul logged in at 2024-07-20 02:44:18.870441
2024-07-20 02:44:47 - User with id: 102, name: Rahul logged in at 2024-07-20 02:44:47.493660
2024-07-20 02:46:24 - User with id: 102, name: Rahul logged in at 2024-07-20 02:46:24.911656
2024-07-20 02:47:02 - User with id: 102, name: Rahul logged in at 2024-07-20 02:47:02.777255
2024-07-20 02:48:00 - User with id: 102, name: Rahul logged in at 2024-07-20 02:48:00.167211
2024-07-20 02:48:25 - User with id: 102, name: Rahul logged in at 2024-07-20 02:48:25.676575
2024-07-20 02:48:54 - Failed login attempt for User ID: 1 at 2024-07-20 02:48:54.633484
2024-07-20 02:49:12 - User with id: 102, name: Rahul logged in at 2024-07-20 02:49:12.529152
2024-07-20 02:50:30 - User with id: 102, name: Rahul logged in at 2024-07-20 02:50:30.428513
2024-07-20 02:51:46 - User with id: 102, name: Rahul logged in at 2024-07-20 02:51:46.020976
2024-07-20 02:52:43 - User with id: 102, name: Rahul logged in at 2024-07-20 02:52:43.168475
2024-07-20 15:05:09 - User with id: 103, name: Sumit logged in at 2024-07-20 15:05:09.189843
2024-07-20 15:07:06 - User with id: 103, name: Sumit logged in at 2024-07-20 15:07:06.300039
2024-07-20 15:08:49 - User with id: 103, name: Sumit logged in at 2024-07-20 15:08:49.374071
2024-07-20 15:09:44 - User with id: 103, name: Sumit logged in at 2024-07-20 15:09:44.306681
2024-07-20 15:10:20 - User with id: 103, name: Sumit logged in at 2024-07-20 15:10:20.368127
2024-07-20 15:11:23 - User with id: 103, name: Sumit logged in at 2024-07-20 15:11:23.264195
2024-07-20 15:14:36 - User with id: 103, name: Sumit logged in at 2024-07-20 15:14:36.194369
2024-07-20 15:15:13 - User with id: 103, name: Sumit logged in at 2024-07-20 15:15:13.724496
2024-07-20 15:15:34 - User with id: 103, name: Sumit logged in at 2024-07-20 15:15:34.136946
2024-07-20 15:16:19 - User with id: 103, name: Sumit logged in at 2024-07-20 15:16:19.075421
2024-07-20 15:19:01 - User with id: 103, name: Sumit logged in at 2024-07-20 15:19:01.441158
2024-07-20 15:20:45 - User with id: 103, name: Sumit logged in at 2024-07-20 15:20:45.914184
2024-07-20 15:21:58 - User with id: 103, name: Sumit logged in at 2024-07-20 15:21:58.710274
2024-07-20 15:22:31 - User with id: 103, name: Sumit logged in at 2024-07-20 15:22:31.135405
2024-07-20 15:24:09 - User with id: 103, name: Sumit logged in at 2024-07-20 15:24:09.811459
2024-07-20 15:25:24 - User with id: 103, name: Sumit logged in at 2024-07-20 15:25:24.693205
2024-07-20 15:26:19 - User with id: 103, name: Sumit logged in at 2024-07-20 15:26:19.351833
2024-07-20 15:27:00 - User with id: 103, name: Sumit logged in at 2024-07-20 15:27:00.900567
2024-07-20 15:29:03 - User with id: 103, name: Sumit logged in at 2024-07-20 15:29:03.701786
2024-07-20 15:30:45 - User with id: 103, name: Sumit logged in at 2024-07-20 15:30:45.881054
2024-07-20 15:33:10 - User with id: 103, name: Sumit logged in at 2024-07-20 15:33:10.280407
2024-07-20 15:36:03 - User with id: 103, name: Sumit logged in at 2024-07-20 15:36:03.447731
2024-07-20 15:38:04 - User with id: 103, name: Sumit logged in at 2024-07-20 15:38:04.652922
2024-07-20 15:39:55 - User with id: 103, name: Sumit logged in at 2024-07-20 15:39:55.078585
2024-07-20 15:40:42 - User with id: 103, name: Sumit logged in at 2024-07-20 15:40:42.296397
2024-07-20 15:41:40 - User with id: 103, name: Sumit logged in at 2024-07-20 15:41:40.626808
2024-07-20 15:42:25 - User with id: 103, name: Sumit logged in at 2024-07-20 15:42:25.638960
2024-07-20 15:43:01 - User with id: 103, name: Sumit logged in at 2024-07-20 15:43:01.795800
2024-07-20 19:52:16 - User with id: 103, name: Sumit logged in at 2024-07-20 19:52:16.950161
2024-07-20 20:22:15 - User with id: 103, name: Sumit logged in at 2024-07-20 20:22:15.754113
2024-07-20 20:24:37 - User with id: 103, name: Sumit logged in at 2024-07-20 20:24:37.443612
2024-07-20 20:28:43 - User with id: 103, name: Sumit logged in at 2024-07-20 20:28:43.455762
2024-07-20 20:31:14 - User with id: 103, name: Sumit logged in at 2024-07-20 20:31:14.525851
2024-07-20 20:33:43 - User with id: 103, name: Sumit logged in at 2024-07-20 20:33:43.559878
2024-07-20 20:35:35 - User with id: 103, name: Sumit logged in at 2024-07-20 20:35:35.949488
2024-07-20 20:36:07 - User with id: 103, name: Sumit logged in at 2024-07-20 20:36:07.660125
2024-07-20 20:37:58 - User with id: 103, name: Sumit logged in at 2024-07-20 20:37:58.626816
2024-07-20 20:39:41 - User with id: 103, name: Sumit logged in at 2024-07-20 20:39:41.510379
2024-07-20 20:41:08 - User with id: 103, name: Sumit logged in at 2024-07-20 20:41:08.928415
2024-07-20 20:43:23 - User with id: 103, name: Sumit logged in at 2024-07-20 20:43:23.694945
2024-07-20 20:48:42 - User with id: 103, name: Sumit logged in at 2024-07-20 20:48:42.305339
2024-07-20 21:15:11 - User with id: 103, name: Sumit logged in at 2024-07-20 21:15:11.879040
2024-07-20 21:29:15 - User with id: 103, name: Sumit logged in at 2024-07-20 21:29:15.802181
2024-07-20 21:31:35 - User with id: 103, name: Sumit logged in at 2024-07-20 21:31:35.032058
2024-07-20 21:32:39 - User with id: 103, name: Sumit logged in at 2024-07-20 21:32:39.838607
2024-07-20 21:33:55 - User with id: 103, name: Sumit logged in at 2024-07-20 21:33:55.757725
2024-07-20 21:36:30 - User with id: 103, name: Sumit logged in at 2024-07-20 21:36:30.834243
2024-07-20 21:39:14 - User with id: 103, name: Sumit logged in at 2024-07-20 21:39:14.484785
2024-07-20 21:39:55 - User with id: 103, name: Sumit logged in at 2024-07-20 21:39:55.466453
2024-07-20 21:41:34 - User with id: 103, name: Sumit logged in at 2024-07-20 21:41:34.675817
2024-07-20 21:43:52 - User with id: 103, name: Sumit logged in at 2024-07-20 21:43:52.886207
2024-07-20 22:49:33 - User with id: 103, name: Sumit logged in at 2024-07-20 22:49:33.561003
2024-07-20 22:51:22 - User with id: 103, name: Sumit logged in at 2024-07-20 22:51:22.233970
2024-07-20 22:52:24 - User with id: 103, name: Sumit logged in at 2024-07-20 22:52:24.709561
2024-07-20 22:53:21 - User with id: 103, name: Sumit logged in at 2024-07-20 22:53:21.669506
2024-07-20 22:55:05 - User with id: 103, name: Sumit logged in at 2024-07-20 22:55:05.079404
2024-07-20 22:56:21 - User with id: 103, name: Sumit logged in at 2024-07-20 22:56:21.562682
2024-07-20 22:56:56 - User with id: 103, name: Sumit logged in at 2024-07-20 22:56:56.143578
2024-07-20 22:58:08 - User with id: 103, name: Sumit logged in at 2024-07-20 22:58:08.671232
2024-07-20 22:59:55 - User with id: 103, name: Sumit logged in at 2024-07-20 22:59:55.394656
2024-07-20 23:00:53 - User with id: 103, name: Sumit logged in at 2024-07-20 23:00:53.626458
2024-07-20 23:08:21 - User with id: 103, name: Sumit logged in at 2024-07-20 23:08:21.934526
2024-07-20 23:10:36 - User with id: 103, name: Sumit logged in at 2024-07-20 23:10:36.696122
2024-07-20 23:12:14 - User with id: 103, name: Sumit logged in at 2024-07-20 23:12:14.296721
2024-07-20 23:12:51 - User with id: 103, name: Sumit logged in at 2024-07-20 23:12:51.771828
2024-07-20 23:15:26 - User with id: 103, name: Sumit logged in at 2024-07-20 23:15:26.929995
2024-07-20 23:16:53 - User with id: 103, name: Sumit logged in at 2024-07-20 23:16:53.604813
2024-07-20 23:21:35 - User with id: 103, name: Sumit logged in at 2024-07-20 23:21:35.062915
2024-07-20 23:22:17 - User with id: 103, name: Sumit logged in at 2024-07-20 23:22:17.336288
2024-07-21 13:09:22 - User with id: 103, name: Sumit logged in at 2024-07-21 13:09:22.041235
2024-07-21 13:11:59 - User with id: 112, name: Aman logged in at 2024-07-21 13:11:59.518098
2024-07-21 13:16:17 - User with id: 102, name: Rahul logged in at 2024-07-21 13:16:17.217018
2024-07-21 13:18:57 - User with id: 102, name: Rahul logged in at 2024-07-21 13:18:57.024727
2024-07-21 13:19:30 - User with id: 102, name: Rahul logged in at 2024-07-21 13:19:30.933705
2024-07-21 13:21:00 - User with id: 102, name: Rahul logged in at 2024-07-21 13:21:00.700418
2024-07-21 13:21:35 - User with id: 102, name: Rahul logged in at 2024-07-21 13:21:35.905427
2024-07-21 13:22:16 - User with id: 102, name: Rahul logged in at 2024-07-21 13:22:16.957702
2024-07-21 13:23:10 - User with id: 102, name: Rahul logged in at 2024-07-21 13:23:10.550815
2024-07-21 13:23:52 - User with id: 102, name: Rahul logged in at 2024-07-21 13:23:52.897161
2024-07-21 13:28:01 - User with id: 102, name: Rahul logged in at 2024-07-21 13:28:01.285334
2024-07-21 13:30:23 - User with id: 102, name: Rahul logged in at 2024-07-21 13:30:23.006936
2024-07-21 13:31:40 - User with id: 102, name: Rahul logged in at 2024-07-21 13:31:40.015543
2024-07-21 13:32:07 - User with id: 102, name: Rahul logged in at 2024-07-21 13:32:07.564550
2024-07-21 13:32:33 - User with id: 102, name: Rahul logged in at 2024-07-21 13:32:33.132522
2024-07-21 13:37:50 - User with id: 102, name: Rahul logged in at 2024-07-21 13:37:50.203961
2024-07-21 13:38:33 - User with id: 102, name: Rahul logged in at 2024-07-21 13:38:33.729883
2024-07-21 13:41:22 - User with id: 102, name: Rahul logged in at 2024-07-21 13:41:22.074620
2024-07-21 13:42:00 - User with id: 102, name: Rahul logged in at 2024-07-21 13:42:00.490757
2024-07-21 13:43:06 - User with id: 102, name: Rahul logged in at 2024-07-21 13:43:06.567824
2024-07-21 13:43:57 - User with id: 102, name: Rahul logged in at 2024-07-21 13:43:57.700246
2024-07-21 20:27:01 - Failed login attempt for User ID: 102 at 2024-07-21 20:27:01.886824
2024-07-21 20:27:08 - User with id: 102, name: Rahul logged in at 2024-07-21 20:27:08.195495
2024-07-21 20:32:08 - Failed login attempt for User ID: 103 at 2024-07-21 20:32:08.694862
2024-07-21 20:32:15 - User with id: 102, name: Rahul logged in at 2024-07-21 20:32:15.618983
2024-07-21 20:32:59 - User with id: 102, name: Rahul logged in at 2024-07-21 20:32:59.121887
2024-07-21 20:33:26 - User with id: 102, name: Rahul logged in at 2024-07-21 20:33:26.304229
2024-07-21 20:35:13 - User with id: 102, name: Rahul logged in at 2024-07-21 20:35:13.818850
2024-07-21 20:36:22 - User with id: 102, name: Rahul logged in at 2024-07-21 20:36:22.579498
2024-07-21 20:40:26 - User with id: 102, name: Rahul logged in at 2024-07-21 20:40:26.757804
2024-07-21 20:42:10 - User with id: 102, name: Rahul logged in at 2024-07-21 20:42:10.578820
2024-07-21 20:47:06 - User with id: 102, name: Rahul logged in at 2024-07-21 20:47:06.067572
2024-07-21 20:49:11 - User with id: 102, name: Rahul logged in at 2024-07-21 20:49:11.558061
2024-07-21 20:52:26 - User with id: 102, name: Rahul logged in at 2024-07-21 20:52:26.413318
2024-07-21 20:53:16 - User with id: 102, name: Rahul logged in at 2024-07-21 20:53:16.987580
2024-07-21 20:54:15 - User with id: 102, name: Rahul logged in at 2024-07-21 20:54:15.056751
2024-07-21 20:55:56 - User with id: 102, name: Rahul logged in at 2024-07-21 20:55:56.558568
2024-07-21 20:57:04 - User with id: 102, name: Rahul logged in at 2024-07-21 20:57:04.623725
2024-07-21 20:58:02 - User with id: 102, name: Rahul logged in at 2024-07-21 20:58:02.399021
2024-07-21 20:58:36 - User with id: 102, name: Rahul logged in at 2024-07-21 20:58:36.273364
2024-07-21 20:59:11 - User with id: 103, name: Sumit logged in at 2024-07-21 20:59:11.045489
2024-07-21 21:01:06 - User with id: 102, name: Rahul logged in at 2024-07-21 21:01:06.877512
2024-07-21 21:01:22 - User with id: 103, name: Sumit logged in at 2024-07-21 21:01:22.805907
2024-07-21 21:01:55 - User with id: 103, name: Sumit logged in at 2024-07-21 21:01:55.350697
2024-07-21 21:03:14 - User with id: 103, name: Sumit logged in at 2024-07-21 21:03:14.991290
2024-07-21 21:04:08 - User with id: 102, name: Rahul logged in at 2024-07-21 21:04:08.827864
2024-07-21 21:05:14 - User with id: 103, name: Sumit logged in at 2024-07-21 21:05:14.472122
2024-07-21 21:07:48 - User with id: 103, name: Sumit logged in at 2024-07-21 21:07:48.456297
2024-07-21 21:09:14 - User with id: 103, name: Sumit logged in at 2024-07-21 21:09:14.041409
2024-07-21 22:35:56 - Failed login attempt for User ID:  at 2024-07-21 22:35:56.467110
2024-07-21 22:36:10 - User with id: 103, name: Sumit logged in at 2024-07-21 22:36:10.906528
2024-07-21 22:40:00 - User with id: 103, name: Sumit logged in at 2024-07-21 22:40:00.992540
2024-07-21 23:39:03 - User with id: 101, name: Rohan logged in at 2024-07-21 23:39:03.630970
2024-07-21 23:43:13 - User with id: 101, name: Rohan logged in at 2024-07-21 23:43:13.198894
2024-07-21 23:46:14 - User with id: 101, name: ROhan logged in at 2024-07-21 23:46:14.312470
2024-07-21 23:48:31 - User with id: 101, name: Rohan logged in at 2024-07-21 23:48:31.152189
2024-07-21 23:50:02 - User with id: 101, name: Rohan logged in at 2024-07-21 23:50:02.082673
2024-07-21 23:51:49 - User with id: 101, name: Rohan logged in at 2024-07-21 23:51:49.014015
2024-07-21 23:53:34 - User with id: 101, name: Rohan logged in at 2024-07-21 23:53:34.104135
2024-07-21 23:54:41 - User with id: 101, name: Rohan logged in at 2024-07-21 23:54:41.305634
2024-07-21 23:56:30 - User with id: 101, name: Rohan logged in at 2024-07-21 23:56:30.130986
2024-07-21 23:57:49 - User with id: 101, name: Rohan logged in at 2024-07-21 23:57:49.097786
2024-07-21 23:59:38 - User with id: 101, name: Rohan logged in at 2024-07-21 23:59:38.202571
2024-07-22 00:04:15 - User with id: 101, name: Rohan logged in at 2024-07-22 00:04:15.047942
2024-07-22 00:04:45 - User with id: 101, name: Rohan logged in at 2024-07-22 00:04:45.038079
2024-07-22 00:05:52 - User with id: 101, name: Rohan logged in at 2024-07-22 00:05:52.884665
2024-07-22 00:09:50 - User with id: 101, name: Rohan logged in at 2024-07-22 00:09:50.528932
2024-07-22 00:11:48 - User with id: 101, name: Rohan logged in at 2024-07-22 00:11:48.072977
2024-07-22 00:13:43 - User with id: 101, name: ROhan logged in at 2024-07-22 00:13:43.615921
2024-07-22 00:13:52 - User with id: 101, name: Rohan logged in at 2024-07-22 00:13:52.382450
2024-07-22 00:15:01 - User with id: 101, name: Rohan logged in at 2024-07-22 00:15:01.571203
2024-07-22 00:15:31 - User with id: 101, name: Rohan logged in at 2024-07-22 00:15:31.613418
2024-07-22 00:19:20 - User with id: 101, name: Rohan logged in at 2024-07-22 00:19:20.955869
2024-07-22 00:22:14 - User with id: 101, name: Rohan logged in at 2024-07-22 00:22:14.644403
2024-07-22 00:22:49 - User with id: 101, name: Rohan logged in at 2024-07-22 00:22:49.653052
2024-07-22 00:23:46 - User with id: 101, name: Rohan logged in at 2024-07-22 00:23:46.171022
2024-07-22 20:22:03 - User with id: 101, name: Rohan logged in at 2024-07-22 20:22:03.098410
2024-07-22 20:28:17 - User with id: 101, name: Rohan logged in at 2024-07-22 20:28:17.896809
2024-07-22 20:30:39 - User with id: 101, name: Rohan logged in at 2024-07-22 20:30:39.154263
2024-07-22 20:33:37 - User with id: 101, name: Rohan logged in at 2024-07-22 20:33:37.540932
2024-07-22 20:35:31 - User with id: 101, name: Rohan logged in at 2024-07-22 20:35:31.036072
2024-07-22 20:44:24 - User with id: 101, name: Rohan logged in at 2024-07-22 20:44:24.594540
2024-07-22 20:46:40 - User with id: 101, name: Rohan logged in at 2024-07-22 20:46:40.678382
2024-07-22 20:50:26 - User with id: 101, name: Rohan logged in at 2024-07-22 20:50:26.138729
2024-07-22 20:51:09 - User with id: 101, name: Rohan logged in at 2024-07-22 20:51:09.211800
2024-07-22 20:56:23 - User with id: 101, name: Rohan logged in at 2024-07-22 20:56:23.018624
2024-07-22 21:00:22 - User with id: 101, name: Rohan logged in at 2024-07-22 21:00:22.678488
2024-07-22 21:03:00 - User with id: 101, name: Rohan logged in at 2024-07-22 21:03:00.540317
2024-07-22 21:07:26 - User with id: 101, name: Rohan logged in at 2024-07-22 21:07:26.967312
2024-07-22 21:09:53 - User with id: 101, name: Rohan logged in at 2024-07-22 21:09:53.552643
2024-07-22 21:16:09 - User with id: 101, name: Rohan logged in at 2024-07-22 21:16:09.570989
2024-07-22 21:18:52 - User with id: 101, name: Rohan logged in at 2024-07-22 21:18:52.461768
2024-07-23 00:04:45 - User with id: 101, name: Rohan logged in at 2024-07-23 00:04:45.681140
2024-07-23 00:06:32 - User with id: 101, name: Rohan logged in at 2024-07-23 00:06:32.049477
2024-07-23 00:14:40 - User with id: 103, name: Sumit logged in at 2024-07-23 00:14:40.864470
2024-07-23 00:15:12 - User with id: 102, name: Rahul logged in at 2024-07-23 00:15:12.561124
2024-07-23 00:18:06 - User with id: 103, name: Sumit logged in at 2024-07-23 00:18:06.536632
2024-07-23 00:21:58 - User with id: 103, name: Sumit logged in at 2024-07-23 00:21:58.887911
2024-07-23 00:25:18 - User with id: 103, name: Sumit logged in at 2024-07-23 00:25:18.870078
2024-07-23 00:26:38 - User with id: 103, name: Sumit logged in at 2024-07-23 00:26:38.915211
2024-07-23 00:27:47 - User with id: 103, name: Sumit logged in at 2024-07-23 00:27:47.585387
2024-07-23 00:28:23 - User with id: 103, name: Sumit logged in at 2024-07-23 00:28:23.532299
2024-07-23 00:28:57 - User with id: 103, name: Sumit logged in at 2024-07-23 00:28:57.499524
2024-07-23 00:30:53 - User with id: 103, name: Sumit logged in at 2024-07-23 00:30:53.715197
2024-07-23 00:31:28 - User with id: 103, name: Sumit logged in at 2024-07-23 00:31:28.175947
2024-07-23 00:31:57 - User with id: 103, name: Sumit logged in at 2024-07-23 00:31:57.737301
2024-07-23 00:44:17 - User with id: 103, name: Sumit logged in at 2024-07-23 00:44:17.231056
2024-07-23 00:45:20 - User with id: 103, name: Sumit logged in at 2024-07-23 00:45:20.866686
2024-07-23 00:47:30 - User with id: 102, name: Rahul logged in at 2024-07-23 00:47:30.752220
2024-07-23 00:49:36 - User with id: 102, name: Rahul logged in at 2024-07-23 00:49:36.138557
2024-07-23 00:50:37 - User with id: 102, name: Rahul logged in at 2024-07-23 00:50:37.191580
2024-07-23 00:51:07 - User with id: 102, name: Rahul logged in at 2024-07-23 00:51:07.245211
2024-07-23 00:51:49 - User with id: 102, name: Rahul logged in at 2024-07-23 00:51:49.794745
2024-07-23 00:52:39 - User with id: 102, name: Rahul logged in at 2024-07-23 00:52:39.476365
2024-07-23 00:54:25 - User with id: 102, name: Rahul logged in at 2024-07-23 00:54:25.713070
2024-07-23 00:54:58 - User with id: 102, name: Rahul logged in at 2024-07-23 00:54:58.313560
2024-07-23 00:57:14 - User with id: 102, name: Rahul logged in at 2024-07-23 00:57:14.963135
2024-07-23 17:58:06 - User with id: 101, name: Rohan logged in at 2024-07-23 17:58:06.960698
2024-07-23 18:13:45 - User with id: 103, name: Sumit logged in at 2024-07-23 18:13:45.708176
2024-07-23 18:24:55 - User with id: 103, name: Sumit logged in at 2024-07-23 18:24:55.482070
2024-07-23 18:27:21 - User with id: 103, name: Sumit logged in at 2024-07-23 18:27:21.074566
2024-07-23 18:37:07 - User with id: 103, name: Sumit logged in at 2024-07-23 18:37:07.262825
2024-07-23 18:42:55 - User with id: 103, name: Sumit logged in at 2024-07-23 18:42:55.030653
2024-07-23 18:44:46 - User with id: 103, name: Sumit logged in at 2024-07-23 18:44:46.542634
2024-07-23 18:46:53 - User with id: 103, name: Sumit logged in at 2024-07-23 18:46:53.020179
2024-07-23 18:47:26 - User with id: 103, name: Sumit logged in at 2024-07-23 18:47:26.634365
2024-07-23 18:50:58 - User with id: 103, name: Sumit logged in at 2024-07-23 18:50:58.013097
2024-07-23 19:13:03 - User with id: 103, name: Sumit logged in at 2024-07-23 19:13:03.078685
2024-07-23 19:13:23 - User with id: 103, name: Sumit logged in at 2024-07-23 19:13:23.252035
2024-07-23 19:14:08 - Failed login attempt for User ID: 103 at 2024-07-23 19:14:08.026240
2024-07-23 19:14:17 - User with id: 103, name: Sumit logged in at 2024-07-23 19:14:17.316540
2024-07-23 19:14:55 - User with id: 103, name: Sumit logged in at 2024-07-23 19:14:55.792758
2024-07-23 19:17:04 - User with id: 103, name: Sumit logged in at 2024-07-23 19:17:04.248196
2024-07-23 19:18:30 - User with id: 103, name: Sumit logged in at 2024-07-23 19:18:30.099060
2024-07-23 20:58:19 - User with id: 101, name: Rohan logged in at 2024-07-23 20:58:19.003377
2024-07-23 20:58:46 - User with id: 103, name: Sumit logged in at 2024-07-23 20:58:46.779651
2024-07-23 21:05:41 - User with id: 101, name: Rohan logged in at 2024-07-23 21:05:41.591856
2024-07-23 21:06:14 - User with id: 101, name: Rohan logged in at 2024-07-23 21:06:14.408265
2024-07-23 21:07:01 - User with id: 103, name: Sumit logged in at 2024-07-23 21:07:01.282822
2024-07-23 21:09:25 - User with id: 103, name: Sumit logged in at 2024-07-23 21:09:25.733119
2024-07-23 21:10:29 - User with id: 103, name: Sumit logged in at 2024-07-23 21:10:29.703337
2024-07-23 21:11:26 - User with id: 103, name: Sumit logged in at 2024-07-23 21:11:26.366950
2024-07-23 21:12:51 - User with id: 103, name: Sumit logged in at 2024-07-23 21:12:51.331789
2024-07-23 21:15:00 - User with id: 103, name: Sumit logged in at 2024-07-23 21:15:00.405154
2024-07-23 21:27:03 - User with id: 101, name: Rohan logged in at 2024-07-23 21:27:03.474385
2024-07-23 21:33:11 - User with id: 103, name: Sumit logged in at 2024-07-23 21:33:11.163338
2024-07-23 21:33:27 - User with id: 103, name: Sumit logged in at 2024-07-23 21:33:27.348491
2024-07-23 21:35:47 - User with id: 103, name: Sumit logged in at 2024-07-23 21:35:47.237748
2024-07-24 01:10:35 - User with id: 101, name: Rohan logged in at 2024-07-24 01:10:35.943156
2024-07-24 01:15:03 - User with id: 101, name: Rohan logged in at 2024-07-24 01:15:03.020770
2024-07-24 01:15:50 - User with id: 101, name: Rohan logged in at 2024-07-24 01:15:50.275984
2024-07-24 01:16:35 - User with id: 101, name: Rohan logged in at 2024-07-24 01:16:35.799070
2024-07-24 01:18:34 - User with id: 101, name: Rohan logged in at 2024-07-24 01:18:34.742244
2024-07-24 01:20:34 - User with id: 101, name: Rohan logged in at 2024-07-24 01:20:34.707304
2024-07-24 01:22:07 - User with id: 101, name: Rohan logged in at 2024-07-24 01:22:07.171325
2024-07-24 01:22:51 - User with id: 101, name: Rohan logged in at 2024-07-24 01:22:51.809617
2024-07-24 01:23:27 - User with id: 101, name: Rohan logged in at 2024-07-24 01:23:27.095291
2024-07-24 13:24:09 - User with id: 101, name: Rohan logged in at 2024-07-24 13:24:09.744559
2024-07-24 19:18:30 - User with id: 101, name: Rohan logged in at 2024-07-24 19:18:30.115455
2024-07-24 19:20:23 - User with id: 101, name: Rohan logged in at 2024-07-24 19:20:23.229975
2024-07-24 19:28:40 - User with id: 101, name: Rohan logged in at 2024-07-24 19:28:40.996754
2024-07-24 19:30:59 - User with id: 101, name: Rohan logged in at 2024-07-24 19:30:59.834739
2024-07-24 19:32:13 - User with id: 101, name: Rohan logged in at 2024-07-24 19:32:13.649854
2024-07-24 19:32:33 - User with id: 101, name: Rohan logged in at 2024-07-24 19:32:33.363589
2024-07-24 19:32:54 - User with id: 101, name: Rohan logged in at 2024-07-24 19:32:54.262204
2024-07-24 19:39:34 - User with id: 101, name: Rohan logged in at 2024-07-24 19:39:34.898462
2024-07-24 19:42:22 - User with id: 101, name: Rohan logged in at 2024-07-24 19:42:22.725196
2024-07-24 19:46:54 - User with id: 101, name: Rohan logged in at 2024-07-24 19:46:54.750948
2024-07-24 19:49:28 - User with id: 101, name: Rohan logged in at 2024-07-24 19:49:28.768933
2024-07-24 19:50:31 - User with id: 101, name: Rohan logged in at 2024-07-24 19:50:31.206583
2024-07-24 19:51:04 - User with id: 101, name: Rohan logged in at 2024-07-24 19:51:04.975442
2024-07-24 20:05:54 - User with id: 101, name: Rohan logged in at 2024-07-24 20:05:54.548051
2024-07-24 20:14:30 - User with id: 101, name: Rohan logged in at 2024-07-24 20:14:30.294489
2024-07-24 20:15:46 - User with id: 101, name: Rohan logged in at 2024-07-24 20:15:46.179950
2024-07-24 20:17:52 - User with id: 101, name: Rohan logged in at 2024-07-24 20:17:52.785747
2024-07-24 20:20:52 - User with id: 101, name: Rohan logged in at 2024-07-24 20:20:52.918720
2024-07-24 20:28:10 - User with id: 103, name: Sumit logged in at 2024-07-24 20:28:10.882726
2024-07-24 20:37:41 - User with id: 103, name: Sumit logged in at 2024-07-24 20:37:41.466491
2024-07-24 20:38:44 - User with id: 103, name: Sumit logged in at 2024-07-24 20:38:44.763318
2024-07-24 20:40:43 - User with id: 103, name: Sumit logged in at 2024-07-24 20:40:43.451336
2024-07-24 20:42:42 - User with id: 103, name: Sumit logged in at 2024-07-24 20:42:42.649520
2024-07-24 20:47:47 - User with id: 103, name: Sumit logged in at 2024-07-24 20:47:47.700700
2024-07-24 20:49:28 - User with id: 103, name: Sumit logged in at 2024-07-24 20:49:28.790098
2024-07-24 20:55:02 - User with id: 103, name: Sumit logged in at 2024-07-24 20:55:02.852849
2024-07-24 20:55:57 - User with id: 103, name: Sumit logged in at 2024-07-24 20:55:57.693665
2024-07-24 20:59:50 - User with id: 103, name: Sumit logged in at 2024-07-24 20:59:50.060991
2024-07-24 21:00:45 - User with id: 103, name: Sumit logged in at 2024-07-24 21:00:45.329247
2024-07-24 21:03:40 - User with id: 103, name: Sumit logged in at 2024-07-24 21:03:40.668430
2024-07-24 21:10:49 - User with id: 103, name: Sumit logged in at 2024-07-24 21:10:49.296622
2024-07-24 21:11:15 - Failed login attempt for User ID: 103 at 2024-07-24 21:11:15.272251
2024-07-24 21:11:22 - User with id: 101, name: Rohan logged in at 2024-07-24 21:11:22.727500
2024-07-24 21:23:10 - User with id: 101, name: Rohan logged in at 2024-07-24 21:23:10.345881
2024-07-24 21:24:56 - User with id: 101, name: Rohan logged in at 2024-07-24 21:24:56.440587
2024-07-24 21:27:46 - User with id: 101, name: Rohan logged in at 2024-07-24 21:27:46.025558
2024-07-24 21:37:45 - User with id: 101, name: Rohan logged in at 2024-07-24 21:37:45.044401
2024-07-24 21:38:27 - User with id: 101, name: Rohan logged in at 2024-07-24 21:38:27.983897
