2024-07-27 23:56:18 - INFO - Connected to server at localhost:9999
2024-07-27 23:56:42 - INFO - employee authentication successful for ID 103
2024-07-28 00:31:20 - INFO - Connected to server at localhost:9999
2024-07-28 00:31:36 - INFO - admin authentication successful for ID 101
2024-07-28 00:31:40 - INFO - Sent message: discard_list
2024-07-28 00:31:40 - INFO - Received response: [('Kheer', 1, 3, 2, 'Tasteless'), ('Upma', 2, 2, 2, 'Tasteless'), ('Samosa', 4, 3, 1, 'Tasteless'), ('rasam', 22, 1, 1, 'Tasteless')]
2024-07-28 00:36:23 - INFO - Connected to server at localhost:9999
2024-07-28 00:36:31 - INFO - admin authentication successful for ID 101
2024-07-28 00:36:44 - INFO - Sent message: discard_list
2024-07-28 00:36:44 - INFO - Received response: [('Kheer', 1, 3, 2, 'Tasteless'), ('Upma', 2, 2, 2, 'Tasteless'), ('Samosa', 4, 3, 1, 'Tasteless'), ('rasam', 22, 1, 1, 'Tasteless')]
2024-07-28 00:36:53 - INFO - Sent message: delete_menu_item|1
2024-07-28 00:36:53 - INFO - Received response: Menu item deleted with menu id 1
2024-07-28 00:41:09 - INFO - Connected to server at localhost:9999
2024-07-28 00:41:14 - INFO - admin authentication successful for ID 101
2024-07-28 00:41:17 - INFO - Sent message: discard_list
2024-07-28 00:41:17 - INFO - Received response: [('Kheer', 1, 3, 2, 'Tasteless'), ('Upma', 2, 2, 2, 'Tasteless'), ('Samosa', 4, 3, 1, 'Tasteless'), ('rasam', 22, 1, 1, 'Tasteless')]
2024-07-28 00:41:21 - INFO - Sent message: delete_menu_item|1
2024-07-28 00:41:21 - INFO - Received response: Error processing request: ('07002', '[07002] [Microsoft][ODBC SQL Server Driver]COUNT field incorrect or syntax error (0) (SQLExecDirectW)')
2024-07-28 00:42:49 - INFO - Connected to server at localhost:9999
2024-07-28 00:42:54 - INFO - admin authentication successful for ID 101
2024-07-28 00:42:58 - INFO - Sent message: discard_list
2024-07-28 00:42:58 - INFO - Received response: [('Kheer', 1, 3, 2, 'Tasteless'), ('Upma', 2, 2, 2, 'Tasteless'), ('Samosa', 4, 3, 1, 'Tasteless'), ('rasam', 22, 1, 1, 'Tasteless')]
2024-07-28 00:43:01 - INFO - Sent message: delete_menu_item|1
2024-07-28 00:43:01 - INFO - Received response: Error processing request: ('07002', '[07002] [Microsoft][ODBC SQL Server Driver]COUNT field incorrect or syntax error (0) (SQLExecDirectW)')
2024-07-28 00:43:48 - INFO - Connected to server at localhost:9999
2024-07-28 00:43:54 - INFO - admin authentication successful for ID 101
2024-07-28 00:44:07 - INFO - Connected to server at localhost:9999
2024-07-28 00:44:16 - INFO - admin authentication successful for ID 101
2024-07-28 00:44:18 - INFO - Sent message: discard_list
2024-07-28 00:44:18 - INFO - Received response: [('Kheer', 1, 3, 2, 'Tasteless'), ('Upma', 2, 2, 2, 'Tasteless'), ('Samosa', 4, 3, 1, 'Tasteless'), ('rasam', 22, 1, 1, 'Tasteless')]
2024-07-28 00:44:23 - INFO - Sent message: delete_menu_item|1
2024-07-28 00:44:23 - INFO - Received response: Menu item deleted with menu id (1, 'Kheer')
2024-07-28 00:46:59 - INFO - Connected to server at localhost:9999
2024-07-28 00:47:06 - INFO - admin authentication successful for ID 101
2024-07-28 00:47:16 - INFO - Sent message: discard_list
2024-07-28 00:47:16 - INFO - Received response: [('Kheer', 1, 3, 2, 'Tasteless'), ('Upma', 2, 2, 2, 'Tasteless'), ('Samosa', 4, 3, 1, 'Tasteless'), ('rasam', 22, 1, 1, 'Tasteless')]
2024-07-28 00:47:20 - INFO - Sent message: delete_menu_item|1
2024-07-28 00:47:20 - INFO - Received response: Error processing request: cannot unpack non-iterable int object
2024-07-28 00:48:14 - INFO - Connected to server at localhost:9999
2024-07-28 00:49:33 - INFO - admin authentication successful for ID 101
2024-07-28 00:49:35 - INFO - Sent message: discard_list
2024-07-28 00:49:35 - INFO - Received response: [('Kheer', 1, 3, 2, 'Tasteless'), ('Upma', 2, 2, 2, 'Tasteless'), ('Samosa', 4, 3, 1, 'Tasteless'), ('rasam', 22, 1, 1, 'Tasteless')]
2024-07-28 00:53:36 - INFO - Sent message: delete_menu_item|1
2024-07-28 00:53:36 - INFO - Received response: Error processing request: not enough values to unpack (expected 2, got 1)
2024-07-28 01:01:25 - INFO - Connected to server at localhost:9999
2024-07-28 01:01:31 - INFO - admin authentication successful for ID 101
2024-07-28 01:01:33 - INFO - Sent message: discard_list
2024-07-28 01:01:33 - INFO - Received response: [('Kheer', 1, 3, 2, 'Tasteless'), ('Upma', 2, 2, 2, 'Tasteless'), ('Samosa', 4, 3, 1, 'Tasteless'), ('rasam', 22, 1, 1, 'Tasteless')]
2024-07-28 01:01:37 - INFO - Sent message: delete_menu_item|1
2024-07-28 01:01:37 - INFO - Received response: Unexpected format of deleted menu item.
2024-07-28 01:02:43 - INFO - Connected to server at localhost:9999
2024-07-28 01:02:50 - INFO - admin authentication successful for ID 101
2024-07-28 01:02:53 - INFO - Sent message: discard_list
2024-07-28 01:02:53 - INFO - Received response: [('Kheer', 1, 3, 2, 'Tasteless'), ('Upma', 2, 2, 2, 'Tasteless'), ('Samosa', 4, 3, 1, 'Tasteless'), ('rasam', 22, 1, 1, 'Tasteless')]
2024-07-28 01:02:56 - INFO - Sent message: delete_menu_item|1
2024-07-28 01:02:56 - INFO - Received response: Unexpected format of deleted menu item.
2024-07-28 01:03:29 - INFO - Connected to server at localhost:9999
2024-07-28 01:03:37 - INFO - admin authentication successful for ID 101
2024-07-28 01:03:39 - INFO - Sent message: discard_list
2024-07-28 01:03:39 - INFO - Received response: [('Kheer', 1, 3, 2, 'Tasteless'), ('Upma', 2, 2, 2, 'Tasteless'), ('Samosa', 4, 3, 1, 'Tasteless'), ('rasam', 22, 1, 1, 'Tasteless')]
2024-07-28 01:03:41 - INFO - Sent message: delete_menu_item|1
2024-07-28 01:03:41 - INFO - Received response: Unexpected format of deleted menu item.
2024-07-28 01:05:59 - INFO - Connected to server at localhost:9999
2024-07-28 01:06:11 - INFO - admin authentication successful for ID 101
2024-07-28 01:06:13 - INFO - Sent message: discard_list
2024-07-28 01:06:13 - INFO - Received response: [('Kheer', 1, 3, 2, 'Tasteless'), ('Upma', 2, 2, 2, 'Tasteless'), ('Samosa', 4, 3, 1, 'Tasteless'), ('rasam', 22, 1, 1, 'Tasteless')]
2024-07-28 01:06:17 - INFO - Sent message: delete_menu_item|1
2024-07-28 01:06:17 - INFO - Received response: Error processing request: 'pyodbc.Row' object has no attribute 'menuId'
2024-07-28 01:06:58 - INFO - Connected to server at localhost:9999
2024-07-28 01:07:13 - INFO - admin authentication successful for ID 101
2024-07-28 01:07:15 - INFO - Sent message: discard_list
2024-07-28 01:07:15 - INFO - Received response: [('Kheer', 1, 3, 2, 'Tasteless'), ('Upma', 2, 2, 2, 'Tasteless'), ('Samosa', 4, 3, 1, 'Tasteless'), ('rasam', 22, 1, 1, 'Tasteless')]
2024-07-28 01:07:18 - INFO - Sent message: delete_menu_item|1
2024-07-28 01:07:18 - INFO - Received response: Menu item deleted with menuId 1 and item name Kheer
2024-07-28 01:24:05 - INFO - Connected to server at localhost:9999
2024-07-28 01:24:27 - INFO - employee authentication successful for ID 103
2024-07-28 01:26:34 - INFO - Connected to server at localhost:9999
2024-07-28 01:26:44 - INFO - Connected to server at localhost:9999
2024-07-28 01:26:50 - INFO - admin authentication successful for ID 103
2024-07-28 01:26:59 - INFO - Connected to server at localhost:9999
2024-07-28 01:27:05 - INFO - admin authentication successful for ID 101
2024-07-28 01:27:07 - INFO - Sent message: discard_list
2024-07-28 01:27:07 - INFO - Received response: [('Kheer', 1, 3, 2, 'Tasteless'), ('Upma', 2, 2, 2, 'Tasteless'), ('Samosa', 4, 3, 1, 'Tasteless'), ('rasam', 22, 1, 1, 'Tasteless')]
2024-07-28 01:27:11 - INFO - Sent message: delete_menu_item|1
2024-07-28 01:27:11 - INFO - Received response: Menu item deleted with menuId 1 and item name Kheer
2024-07-28 01:27:55 - INFO - Connected to server at localhost:9999
2024-07-28 01:28:01 - INFO - admin authentication successful for ID 101
2024-07-28 01:28:03 - INFO - Sent message: discard_list
2024-07-28 01:28:03 - INFO - Received response: [('Kheer', 1, 3, 2, 'Tasteless'), ('Upma', 2, 2, 2, 'Tasteless'), ('Samosa', 4, 3, 1, 'Tasteless'), ('rasam', 22, 1, 1, 'Tasteless')]
2024-07-28 01:28:05 - INFO - Sent message: delete_menu_item|1
2024-07-28 01:28:05 - INFO - Received response: Menu item deleted with menuId 1 and item name Kheer
2024-07-28 01:31:06 - INFO - Connected to server at localhost:9999
2024-07-28 01:31:11 - INFO - admin authentication successful for ID 101
2024-07-28 01:31:12 - INFO - Sent message: discard_list
2024-07-28 01:31:12 - INFO - Received response: [('Kheer', 1, 3, 2, 'Tasteless'), ('Upma', 2, 2, 2, 'Tasteless'), ('Samosa', 4, 3, 1, 'Tasteless'), ('rasam', 22, 1, 1, 'Tasteless')]
2024-07-28 01:31:18 - INFO - Sent message: delete_menu_item|1
2024-07-28 01:31:18 - INFO - Received response: Menu item deleted with menuId 1 and item name Kheer
2024-07-28 01:31:56 - INFO - Connected to server at localhost:9999
2024-07-28 01:32:00 - INFO - admin authentication successful for ID 101
2024-07-28 01:32:01 - INFO - Sent message: discard_list
2024-07-28 01:32:01 - INFO - Received response: [('Kheer', 1, 3, 2, 'Tasteless'), ('Upma', 2, 2, 2, 'Tasteless'), ('Samosa', 4, 3, 1, 'Tasteless'), ('rasam', 22, 1, 1, 'Tasteless')]
2024-07-28 01:32:10 - INFO - Sent message: delete_menu_item|1
2024-07-28 01:32:10 - INFO - Received response: Menu item deleted with menuId 1 and item name Kheer
2024-07-28 01:32:52 - INFO - Connected to server at localhost:9999
2024-07-28 01:32:59 - INFO - employee authentication successful for ID 103
2024-07-28 01:37:00 - INFO - Connected to server at localhost:9999
2024-07-28 01:37:05 - INFO - employee authentication successful for ID 103
2024-07-28 01:37:05 - INFO - Connection closed
2024-07-28 01:37:42 - INFO - Connected to server at localhost:9999
2024-07-28 01:37:45 - INFO - employee authentication successful for ID 103
2024-07-28 01:37:45 - INFO - Connection closed
2024-07-28 01:38:04 - INFO - Connected to server at localhost:9999
2024-07-28 01:38:07 - INFO - employee authentication successful for ID 103
2024-07-28 01:40:18 - INFO - Connected to server at localhost:9999
2024-07-28 01:40:21 - INFO - employee authentication successful for ID 103
2024-07-28 01:41:00 - INFO - Connected to server at localhost:9999
2024-07-28 01:41:04 - INFO - employee authentication successful for ID 103
2024-07-28 01:42:23 - INFO - Connected to server at localhost:9999
2024-07-28 01:42:28 - INFO - employee authentication successful for ID 103
2024-07-28 01:43:08 - INFO - Connected to server at localhost:9999
2024-07-28 01:43:12 - INFO - employee authentication successful for ID 103
2024-07-28 01:43:45 - INFO - Connection closed
2024-07-28 01:43:52 - INFO - Connected to server at localhost:9999
2024-07-28 01:44:34 - INFO - employee authentication successful for ID 103
2024-07-28 01:46:46 - INFO - Connection closed
2024-07-28 01:46:55 - INFO - Connected to server at localhost:9999
2024-07-28 01:47:04 - INFO - employee authentication successful for ID 103
2024-07-28 01:59:55 - INFO - User with id: 101, name: Rohan logged in at 2024-07-28 01:59:55.995471
2024-07-28 02:05:38 - INFO - User with id: 101, name: Rohan logged in at 2024-07-28 02:05:38.546514
2024-07-28 20:04:52 - INFO - Connected to server at localhost:9999
2024-07-28 20:05:30 - INFO - admin authentication successful for ID 101
2024-07-28 20:06:43 - INFO - Sent message: add_menu_item|ojihu|11|1|dceed|er|1|y5tg|3ed|frtg|ee
2024-07-28 20:06:43 - INFO - Received response: Food Item added in Menu : ojihu
2024-07-28 20:06:59 - INFO - Sent message: discard_list
2024-07-28 20:06:59 - INFO - Received response: [('Kheer', 1, 3, 2, 'Tasteless'), ('Upma', 2, 2, 2, 'Tasteless'), ('Samosa', 4, 3, 1, 'Tasteless'), ('rasam', 22, 1, 1, 'Tasteless')]
2024-07-28 20:08:05 - INFO - Sent message: request_feedback|rasam|22|What didn’t you like about Food_Item rasam?
2024-07-28 20:08:05 - INFO - Received response: feedback requested for rasam from user
2024-07-28 20:08:05 - INFO - Sent message: request_feedback|rasam|22|How would you like Food_Item to taste rasam?
2024-07-28 20:08:05 - INFO - Received response: feedback requested for rasam from user
2024-07-28 20:08:05 - INFO - Sent message: request_feedback|rasam|22|Share your mom’s recipe for Food_Item rasam
2024-07-28 20:08:05 - INFO - Received response: feedback requested for rasam from user
2024-07-28 20:08:10 - INFO - Sent message: discard_list
2024-07-28 20:08:10 - INFO - Received response: [('Kheer', 1, 3, 2, 'Tasteless'), ('Upma', 2, 2, 2, 'Tasteless'), ('Samosa', 4, 3, 1, 'Tasteless'), ('rasam', 22, 1, 1, 'Tasteless')]
2024-07-28 20:10:43 - INFO - Connected to server at localhost:9999
2024-07-28 20:11:02 - INFO - admin authentication successful for ID 101
2024-07-28 20:11:06 - INFO - Sent message: discard_list
2024-07-28 20:11:06 - INFO - Received response: [('Kheer', 1, 3, 2, 'Tasteless'), ('Upma', 2, 2, 2, 'Tasteless'), ('Samosa', 4, 3, 1, 'Tasteless'), ('rasam', 22, 1, 1, 'Tasteless')]
2024-07-28 20:14:00 - INFO - Connected to server at localhost:9999
2024-07-28 20:14:12 - INFO - admin authentication successful for ID 101
2024-07-28 20:14:23 - INFO - Sent message: discard_list
2024-07-28 20:14:23 - INFO - Received response: [('Kheer', 1, 3, 2, 'Tasteless'), ('Upma', 2, 2, 2, 'Tasteless'), ('Samosa', 4, 3, 1, 'Tasteless'), ('rasam', 22, 1, 1, 'Tasteless')]
2024-07-28 20:17:54 - INFO - Connected to server at localhost:9999
2024-07-28 20:18:03 - INFO - chef authentication successful for ID 102
2024-07-28 20:18:06 - INFO - Sent message: monthly_feedback_report
2024-07-28 20:18:06 - INFO - Received response: Menu ID: 1, Average Rating: 3, Total Feedbacks: 2
Menu ID: 2, Average Rating: 2, Total Feedbacks: 2
Menu ID: 4, Average Rating: 3, Total Feedbacks: 1
Menu ID: 7, Average Rating: 4, Total Feedbacks: 1
Menu ID: 8, Average Rating: 5, Total Feedbacks: 1
Menu ID: 9, Average Rating: 4, Total Feedbacks: 1
Menu ID: 15, Average Rating: 3, Total Feedbacks: 3
Menu ID: 16, Average Rating: 3, Total Feedbacks: 1
Menu ID: 17, Average Rating: 4, Total Feedbacks: 1
Menu ID: 20, Average Rating: 4, Total Feedbacks: 1
Menu ID: 22, Average Rating: 1, Total Feedbacks: 1
Menu ID: 31, Average Rating: 4, Total Feedbacks: 1
Menu ID: 36, Average Rating: 4, Total Feedbacks: 1
Menu ID: 45, Average Rating: 3, Total Feedbacks: 1
Menu ID: 56, Average Rating: 4, Total Feedbacks: 1
Menu ID: 2079, Average Rating: 3, Total Feedbacks: 1
2024-07-28 20:23:04 - INFO - Connected to server at localhost:9999
2024-07-28 20:23:09 - INFO - chef authentication successful for ID 102
2024-07-28 20:23:16 - INFO - Sent message: monthly_feedback_report
2024-07-28 20:23:16 - INFO - Received response: Menu ID: 1, Average Rating: 3, Total Feedbacks: 2
Menu ID: 2, Average Rating: 2, Total Feedbacks: 2
Menu ID: 4, Average Rating: 3, Total Feedbacks: 1
Menu ID: 7, Average Rating: 4, Total Feedbacks: 1
Menu ID: 8, Average Rating: 5, Total Feedbacks: 1
Menu ID: 9, Average Rating: 4, Total Feedbacks: 1
Menu ID: 15, Average Rating: 3, Total Feedbacks: 3
Menu ID: 16, Average Rating: 3, Total Feedbacks: 1
Menu ID: 17, Average Rating: 4, Total Feedbacks: 1
Menu ID: 20, Average Rating: 4, Total Feedbacks: 1
Menu ID: 22, Average Rating: 1, Total Feedbacks: 1
Menu ID: 31, Average Rating: 4, Total Feedbacks: 1
Menu ID: 36, Average Rating: 4, Total Feedbacks: 1
Menu ID: 45, Average Rating: 3, Total Feedbacks: 1
Menu ID: 56, Average Rating: 4, Total Feedbacks: 1
Menu ID: 2079, Average Rating: 3, Total Feedbacks: 1
2024-07-28 20:23:23 - INFO - Sent message: get_menu
2024-07-28 20:23:23 - INFO - Received response: 1|Kheer|55|True|Lunch|Authentic|True|Vegeterian|Medium|North Indian|Yes
2|Upma|75|True|BreakFast|made with grained rice|True|Vegeterian|Low|South Indian|Yes
3|Idli|50|True|BreakFast|Available with special sambhar|True|Vegeterian|Low|South Indian|Yes
4|Samosa|20|True|BreakFast|Available with chola|True|Vegetarian|Medium|North Indian|No
5|Baked Sweet Potato|110|True|BreakFast|With Peanut Butter|False|Vegetarian|Low|Mexican|Yes
6|Alloo Paratha|80|True|BreakFast|fine grain wheat|False|Vegetarian|Medium|North Indian|No
7|Oats Meal|90|True|BreakFast|Good for health|False|Vegeterian|Low|Italian|Yes
8|Medu Vada|95|True|BreakFast|Available with Special Sambhar|False|Vegeterian|Medium|South Indian|No
9|Chicken Meal|150|True|Lunch|Can be shared with 2 person easily|False|Non Vegeterian|High|South Indian|No
13|Chole Bhature|160|True|Lunch|North India Style|False|Vegeterian|High|North Indian|No
14|Veg Fired Rice|150|True|Lunch|Noth East Style|False|Vegetarian|Medium|Chinese|No
15|Rice Bowl|190|True|Lunch|Available with cu
2024-07-28 21:34:00 - INFO - Connected to server at localhost:9999
2024-07-28 21:34:43 - INFO - chef authentication successful for ID 102
2024-07-28 21:34:47 - INFO - Sent message: roll_out
2024-07-28 21:34:47 - INFO - Received response: [(31, 'Dal', 4, 'nice taste', 'Lunch', 'Fried'), (45, 'Chilli paneer', 3, 'delicious', 'Lunch', 'Spicy'), (1, 'Kheer', 3, 'delicious', 'Lunch', 'Authentic'), (1, 'Kheer', 3, 'delicious', 'Lunch', 'Authentic'), (16, 'Chowmein Platter', 3, 'delicious', 'Lunch', 'Options with manchurian or paneer curry'), (2, 'Upma', 3, 'delicious', 'BreakFast', 'made with grained rice'), (2079, 'Jalebi', 3, 'delicious', 'Sweet in taste', 'Authentic sweet dish from North'), (7, 'Oats Meal', 4, 'nice taste', 'BreakFast', 'Good for health'), (4, 'Samosa', 3, 'nice taste', 'BreakFast', 'Available with chola'), (8, 'Medu Vada', 5, 'delicious', 'BreakFast', 'Available with Special Sambhar'), (9, 'Chicken Meal', 4, 'nice taste', 'Lunch', 'Can be shared with 2 person easily'), (36, 'Momos', 4, 'nice taste', 'Brunch', 'Spicy in taste'), (15, 'Rice Bowl', 3, 'delicious', 'Lunch', 'Available with curry'), (15, 'Rice Bowl', 3, 'delicious', 'Lunch', 'Available with curry')]
2024-07-28 21:34:57 - INFO - Sent message: add_recommendation|36
2024-07-28 21:34:57 - INFO - Received response: Recommendation added successfully for menuId: 36
2024-07-28 21:35:02 - INFO - Sent message: add_recommendation|15
2024-07-28 21:35:02 - INFO - Received response: Recommendation added successfully for menuId: 15
2024-07-28 21:36:56 - INFO - Connected to server at localhost:9999
2024-07-28 21:37:01 - INFO - chef authentication successful for ID 101
2024-07-28 21:37:03 - INFO - Sent message: roll_out
2024-07-28 21:37:03 - INFO - Received response: [(1, 'Kheer', 3, 'delicious', 'Lunch', 'Authentic'), (2, 'Upma', 3, 'delicious', 'BreakFast', 'made with grained rice'), (4, 'Samosa', 3, 'nice taste', 'BreakFast', 'Available with chola'), (7, 'Oats Meal', 4, 'nice taste', 'BreakFast', 'Good for health'), (8, 'Medu Vada', 5, 'delicious', 'BreakFast', 'Available with Special Sambhar'), (9, 'Chicken Meal', 4, 'nice taste', 'Lunch', 'Can be shared with 2 person easily'), (15, 'Rice Bowl', 3, 'delicious', 'Lunch', 'Available with curry'), (16, 'Chowmein Platter', 3, 'delicious', 'Lunch', 'Options with manchurian or paneer curry'), (17, 'Panner butter Masala', 4, 'nice taste', 'Lunch', 'North Style Special'), (20, 'Biryani', 4, 'nice taste', 'Lunch', 'Luncknawi Style'), (31, 'Dal', 4, 'delicious', 'Lunch', 'Fried'), (31, 'Dal', 4, 'nice taste', 'Lunch', 'Fried'), (36, 'Momos', 4, 'nice taste', 'Brunch', 'Spicy in taste'), (45, 'Chilli paneer', 3, 'delicious', 'Lunch', 'Spicy')]
2024-07-28 21:38:03 - INFO - Connected to server at localhost:9999
2024-07-28 21:38:10 - INFO - chef authentication successful for ID 102
2024-07-28 21:38:12 - INFO - Sent message: roll_out
2024-07-28 21:38:12 - INFO - Received response: [(1, 'Kheer', 3, 'delicious', 'Lunch', 'Authentic'), (2, 'Upma', 3, 'delicious', 'BreakFast', 'made with grained rice'), (4, 'Samosa', 3, 'nice taste', 'BreakFast', 'Available with chola'), (7, 'Oats Meal', 4, 'nice taste', 'BreakFast', 'Good for health'), (8, 'Medu Vada', 5, 'delicious', 'BreakFast', 'Available with Special Sambhar'), (9, 'Chicken Meal', 4, 'nice taste', 'Lunch', 'Can be shared with 2 person easily'), (15, 'Rice Bowl', 3, 'delicious', 'Lunch', 'Available with curry'), (16, 'Chowmein Platter', 3, 'delicious', 'Lunch', 'Options with manchurian or paneer curry'), (17, 'Panner butter Masala', 4, 'nice taste', 'Lunch', 'North Style Special'), (20, 'Biryani', 4, 'nice taste', 'Lunch', 'Luncknawi Style'), (31, 'Dal', 4, 'delicious', 'Lunch', 'Fried'), (31, 'Dal', 4, 'nice taste', 'Lunch', 'Fried'), (36, 'Momos', 4, 'nice taste', 'Brunch', 'Spicy in taste'), (45, 'Chilli paneer', 3, 'delicious', 'Lunch', 'Spicy'), (56, 'kofta', 4, 'delicious', 'lunch', 'veg style')]
2024-07-28 21:40:15 - INFO - Connected to server at localhost:9999
2024-07-28 21:40:21 - INFO - chef authentication successful for ID 102
2024-07-28 21:40:22 - INFO - Sent message: roll_out
2024-07-28 21:40:22 - INFO - Received response: [(1, 'Kheer', 3, 'delicious', 'Lunch', 'Authentic'), (2, 'Upma', 3, 'delicious', 'BreakFast', 'made with grained rice'), (4, 'Samosa', 3, 'nice taste', 'BreakFast', 'Available with chola'), (7, 'Oats Meal', 4, 'nice taste', 'BreakFast', 'Good for health'), (8, 'Medu Vada', 5, 'delicious', 'BreakFast', 'Available with Special Sambhar'), (9, 'Chicken Meal', 4, 'nice taste', 'Lunch', 'Can be shared with 2 person easily'), (15, 'Rice Bowl', 3, 'delicious', 'Lunch', 'Available with curry'), (16, 'Chowmein Platter', 3, 'delicious', 'Lunch', 'Options with manchurian or paneer curry'), (17, 'Panner butter Masala', 4, 'nice taste', 'Lunch', 'North Style Special'), (20, 'Biryani', 4, 'nice taste', 'Lunch', 'Luncknawi Style'), (31, 'Dal', 4, 'delicious', 'Lunch', 'Fried'), (31, 'Dal', 4, 'nice taste', 'Lunch', 'Fried'), (36, 'Momos', 4, 'nice taste', 'Brunch', 'Spicy in taste'), (45, 'Chilli paneer', 3, 'delicious', 'Lunch', 'Spicy'), (56, 'kofta', 4, 'delicious', 'lunch', 'veg style'), (2079, 'Jalebi', 3, 'delicious', 
2024-07-28 21:43:24 - INFO - Connected to server at localhost:9999
2024-07-28 21:44:14 - INFO - chef authentication successful for ID 102
2024-07-28 21:44:15 - INFO - Sent message: roll_out
2024-07-28 21:44:15 - INFO - Received response: [(1, 'Kheer', 3, 'delicious', 'Lunch', 'Authentic'), (2, 'Upma', 3, 'delicious', 'BreakFast', 'made with grained rice'), (4, 'Samosa', 3, 'nice taste', 'BreakFast', 'Available with chola'), (7, 'Oats Meal', 4, 'nice taste', 'BreakFast', 'Good for health'), (8, 'Medu Vada', 5, 'delicious', 'BreakFast', 'Available with Special Sambhar'), (9, 'Chicken Meal', 4, 'nice taste', 'Lunch', 'Can be shared with 2 person easily'), (15, 'Rice Bowl', 3, 'delicious', 'Lunch', 'Available with curry'), (16, 'Chowmein Platter', 3, 'delicious', 'Lunch', 'Options with manchurian or paneer curry'), (17, 'Panner butter Masala', 4, 'nice taste', 'Lunch', 'North Style Special'), (20, 'Biryani', 4, 'nice taste', 'Lunch', 'Luncknawi Style'), (31, 'Dal', 4, 'delicious', 'Lunch', 'Fried'), (31, 'Dal', 4, 'nice taste', 'Lunch', 'Fried'), (36, 'Momos', 4, 'nice taste', 'Brunch', 'Spicy in taste'), (45, 'Chilli paneer', 3, 'delicious', 'Lunch', 'Spicy'), (56, 'kofta', 4, 'delicious', 'lunch', 'veg style'), (2079, 'Jalebi', 3, 'delicious', 
2024-07-28 21:44:29 - INFO - Connected to server at localhost:9999
2024-07-28 21:44:39 - INFO - chef authentication successful for ID 102
2024-07-28 21:44:41 - INFO - Sent message: roll_out
2024-07-28 21:44:41 - INFO - Received response: [(1, 'Kheer', 3, 'delicious', 'Lunch', 'Authentic'), (2, 'Upma', 3, 'delicious', 'BreakFast', 'made with grained rice'), (4, 'Samosa', 3, 'nice taste', 'BreakFast', 'Available with chola'), (7, 'Oats Meal', 4, 'nice taste', 'BreakFast', 'Good for health'), (8, 'Medu Vada', 5, 'delicious', 'BreakFast', 'Available with Special Sambhar'), (9, 'Chicken Meal', 4, 'nice taste', 'Lunch', 'Can be shared with 2 person easily'), (15, 'Rice Bowl', 3, 'delicious', 'Lunch', 'Available with curry'), (16, 'Chowmein Platter', 3, 'delicious', 'Lunch', 'Options with manchurian or paneer curry'), (17, 'Panner butter Masala', 4, 'nice taste', 'Lunch', 'North Style Special'), (20, 'Biryani', 4, 'nice taste', 'Lunch', 'Luncknawi Style'), (31, 'Dal', 4, 'delicious', 'Lunch', 'Fried'), (31, 'Dal', 4, 'nice taste', 'Lunch', 'Fried'), (36, 'Momos', 4, 'nice taste', 'Brunch', 'Spicy in taste'), (45, 'Chilli paneer', 3, 'delicious', 'Lunch', 'Spicy'), (56, 'kofta', 4, 'delicious', 'lunch', 'veg style')]
2024-07-28 21:44:53 - INFO - Connected to server at localhost:9999
2024-07-28 21:44:57 - INFO - chef authentication successful for ID 102
2024-07-28 21:44:59 - INFO - Sent message: get_menu
2024-07-28 21:44:59 - INFO - Received response: 1|Kheer|55|True|Lunch|Authentic|True|Vegeterian|Medium|North Indian|Yes
2|Upma|75|True|BreakFast|made with grained rice|True|Vegeterian|Low|South Indian|Yes
3|Idli|50|True|BreakFast|Available with special sambhar|True|Vegeterian|Low|South Indian|Yes
4|Samosa|20|True|BreakFast|Available with chola|True|Vegetarian|Medium|North Indian|No
5|Baked Sweet Potato|110|True|BreakFast|With Peanut Butter|False|Vegetarian|Low|Mexican|Yes
6|Alloo Paratha|80|True|BreakFast|fine grain wheat|False|Vegetarian|Medium|North Indian|No
7|Oats Meal|90|True|BreakFast|Good for health|False|Vegeterian|Low|Italian|Yes
8|Medu Vada|95|True|BreakFast|Available with Special Sambhar|False|Vegeterian|Medium|South Indian|No
9|Chicken Meal|150|True|Lunch|Can be shared with 2 person easily|False|Non Vegeterian|High|South Indian|No
13|Chole Bhature|160|True|Lunch|North India Style|False|Vegeterian|High|North Indian|No
14|Veg Fired Rice|150|True|Lunch|Noth East Style|False|Vegetarian|Medium|Chinese|No
15|Rice Bowl|190|True|Lunch|Available with cu
2024-07-28 22:38:14 - INFO - Connected to server at localhost:9999
2024-07-28 22:38:17 - ERROR - Error during authentication: invalid literal for int() with base 10: ''
2024-07-28 22:38:36 - INFO - Connected to server at localhost:9999
2024-07-28 22:38:43 - WARNING - employee authentication failed for ID 123
2024-07-28 22:38:46 - INFO - Connected to server at localhost:9999
2024-07-28 22:38:55 - INFO - employee authentication successful for ID 103
2024-07-28 22:41:51 - INFO - Connected to server at localhost:9999
2024-07-28 22:41:52 - ERROR - Invalid role input
2024-07-28 22:41:57 - INFO - Connected to server at localhost:9999
2024-07-28 22:42:21 - INFO - admin authentication successful for ID 101
2024-07-28 22:42:23 - INFO - Sent message: discard_list
2024-07-28 22:42:23 - INFO - Received response: [('Kheer', 1, 3, 2, 'Tasteless'), ('Upma', 2, 2, 2, 'Tasteless'), ('Samosa', 4, 3, 1, 'Tasteless'), ('rasam', 22, 1, 1, 'Tasteless')]
2024-07-28 22:42:35 - INFO - Connected to server at localhost:9999
2024-07-28 22:42:53 - INFO - admin authentication successful for ID 101
2024-07-28 22:42:54 - INFO - Sent message: discard_list
2024-07-28 22:42:54 - INFO - Received response: [('Kheer', 1, 3, 2, 'Tasteless'), ('Upma', 2, 2, 2, 'Tasteless'), ('Samosa', 4, 3, 1, 'Tasteless'), ('rasam', 22, 1, 1, 'Tasteless')]
2024-07-28 22:53:06 - INFO - Connected to server at localhost:9999
2024-07-28 22:53:23 - INFO - employee authentication successful for ID 103
2024-07-28 22:55:53 - INFO - Connected to server at localhost:9999
2024-07-28 22:56:02 - INFO - employee authentication successful for ID 103
2024-07-28 22:58:01 - INFO - Connected to server at localhost:9999
2024-07-28 22:58:13 - INFO - admin authentication successful for ID 101
2024-07-28 22:58:17 - INFO - Sent message: discard_list
2024-07-28 22:58:17 - INFO - Received response: [('Kheer', 1, 3, 2, 'Tasteless'), ('Upma', 2, 2, 2, 'Tasteless'), ('Samosa', 4, 3, 1, 'Tasteless'), ('rasam', 22, 1, 1, 'Tasteless')]
2024-07-28 22:59:52 - INFO - Connected to server at localhost:9999
2024-07-28 23:00:09 - INFO - employee authentication successful for ID 103
2024-07-28 23:02:30 - INFO - Connected to server at localhost:9999
2024-07-28 23:02:41 - INFO - employee authentication successful for ID 103
2024-07-28 23:17:57 - INFO - Connected to server at localhost:9999
2024-07-28 23:18:07 - INFO - employee authentication successful for ID 103
2024-07-28 23:20:01 - INFO - Connected to server at localhost:9999
2024-07-28 23:20:07 - INFO - employee authentication successful for ID 103
2024-07-28 23:20:39 - INFO - Connected to server at localhost:9999
2024-07-28 23:20:43 - INFO - employee authentication successful for ID 103
2024-07-28 23:21:09 - INFO - Connected to server at localhost:9999
2024-07-28 23:21:14 - INFO - employee authentication successful for ID 103
2024-07-28 23:22:43 - INFO - Connected to server at localhost:9999
2024-07-28 23:22:47 - INFO - employee authentication successful for ID 103
2024-07-28 23:23:51 - INFO - Connected to server at localhost:9999
2024-07-28 23:23:59 - INFO - employee authentication successful for ID 103
2024-07-28 23:24:46 - INFO - Connected to server at localhost:9999
2024-07-28 23:24:52 - INFO - admin authentication successful for ID 101
2024-07-28 23:24:54 - INFO - Sent message: discard_list
2024-07-28 23:24:54 - INFO - Received response: [('Kheer', 1, 3, 2, 'Tasteless'), ('Upma', 2, 2, 2, 'Tasteless'), ('Samosa', 4, 3, 1, 'Tasteless'), ('rasam', 22, 1, 1, 'Tasteless')]
2024-07-28 23:37:02 - INFO - Connection closed
2024-07-28 23:37:02 - INFO - Connected to server at localhost:9999
2024-07-28 23:37:02 - INFO - Connected to server at localhost:9999
2024-07-28 23:37:02 - INFO - Sent message: Test message
2024-07-28 23:37:02 - INFO - Received response: Response
